=== Atlas Dependency Audit — 2026-05-23 ===
--- tools/atlas-webapp ---
# npm audit report

brace-expansion  5.0.2 - 5.0.5
Severity: moderate
brace-expansion: Large numeric range defeats documented `max` DoS protection - https://github.com/advisories/GHSA-jxxr-4gwj-5jf2
fix available via `npm audit fix`
node_modules/@eslint/config-array/node_modules/brace-expansion
node_modules/eslint/node_modules/brace-expansion

qs  6.11.1 - 6.15.1
Severity: moderate
qs has a remotely triggerable DoS: qs.stringify crashes with TypeError on null/undefined entries in comma-format arrays when encodeValuesOnly is set - https://github.com/advisories/GHSA-q8mj-m7cp-5q26
fix available via `npm audit fix`
node_modules/body-parser/node_modules/qs
node_modules/qs
  express  4.21.0 - 4.22.1 || 5.0.0-alpha.1 - 5.0.1
  Depends on vulnerable versions of qs
  node_modules/express

3 moderate severity vulnerabilities

To address all issues, run:
  npm audit fix
--- tools/dashboard ---
# npm audit report

qs  6.11.1 - 6.15.1
Severity: moderate
qs has a remotely triggerable DoS: qs.stringify crashes with TypeError on null/undefined entries in comma-format arrays when encodeValuesOnly is set - https://github.com/advisories/GHSA-q8mj-m7cp-5q26
fix available via `npm audit fix`
node_modules/body-parser/node_modules/qs
node_modules/qs
  express  4.21.0 - 4.22.1 || 5.0.0-alpha.1 - 5.0.1
  Depends on vulnerable versions of qs
  node_modules/express

2 moderate severity vulnerabilities

To address all issues, run:
  npm audit fix
